<?xml version="1.0" encoding="UTF-8"?>
<testsuite xmlns:xsi="http://www.w3.org/2001/XMLSchema-instance" xsi:noNamespaceSchemaLocation="https://maven.apache.org/surefire/maven-surefire-plugin/xsd/surefire-test-report-3.0.xsd" version="3.0" name="TestSuite" time="42.749" tests="1" errors="0" skipped="0" failures="0">
  <properties>
    <property name="sun.desktop" value="gnome"/>
    <property name="awt.toolkit" value="sun.awt.X11.XToolkit"/>
    <property name="file.encoding.pkg" value="sun.io"/>
    <property name="java.specification.version" value="1.8"/>
    <property name="sun.cpu.isalist" value=""/>
    <property name="sun.jnu.encoding" value="UTF-8"/>
    <property name="java.class.path" value="/home/anu/Workspace_IntelliJ/TestNG/target/test-classes:/home/anu/Workspace_IntelliJ/TestNG/target/classes:/home/anu/.m2/repository/org/testng/testng/7.1.0/testng-7.1.0.jar:/home/anu/.m2/repository/com/beust/jcommander/1.72/jcommander-1.72.jar:/home/anu/.m2/repository/com/google/inject/guice/4.1.0/guice-4.1.0-no_aop.jar:/home/anu/.m2/repository/javax/inject/javax.inject/1/javax.inject-1.jar:/home/anu/.m2/repository/aopalliance/aopalliance/1.0/aopalliance-1.0.jar:/home/anu/.m2/repository/org/yaml/snakeyaml/1.21/snakeyaml-1.21.jar:/home/anu/.m2/repository/org/seleniumhq/selenium/selenium-java/3.141.59/selenium-java-3.141.59.jar:/home/anu/.m2/repository/org/seleniumhq/selenium/selenium-api/3.141.59/selenium-api-3.141.59.jar:/home/anu/.m2/repository/org/seleniumhq/selenium/selenium-chrome-driver/3.141.59/selenium-chrome-driver-3.141.59.jar:/home/anu/.m2/repository/org/seleniumhq/selenium/selenium-edge-driver/3.141.59/selenium-edge-driver-3.141.59.jar:/home/anu/.m2/repository/org/seleniumhq/selenium/selenium-firefox-driver/3.141.59/selenium-firefox-driver-3.141.59.jar:/home/anu/.m2/repository/org/seleniumhq/selenium/selenium-ie-driver/3.141.59/selenium-ie-driver-3.141.59.jar:/home/anu/.m2/repository/org/seleniumhq/selenium/selenium-opera-driver/3.141.59/selenium-opera-driver-3.141.59.jar:/home/anu/.m2/repository/org/seleniumhq/selenium/selenium-remote-driver/3.141.59/selenium-remote-driver-3.141.59.jar:/home/anu/.m2/repository/org/seleniumhq/selenium/selenium-safari-driver/3.141.59/selenium-safari-driver-3.141.59.jar:/home/anu/.m2/repository/org/seleniumhq/selenium/selenium-support/3.141.59/selenium-support-3.141.59.jar:/home/anu/.m2/repository/net/bytebuddy/byte-buddy/1.8.15/byte-buddy-1.8.15.jar:/home/anu/.m2/repository/org/apache/commons/commons-exec/1.3/commons-exec-1.3.jar:/home/anu/.m2/repository/com/google/guava/guava/25.0-jre/guava-25.0-jre.jar:/home/anu/.m2/repository/com/google/code/findbugs/jsr305/1.3.9/jsr305-1.3.9.jar:/home/anu/.m2/repository/org/checkerframework/checker-compat-qual/2.0.0/checker-compat-qual-2.0.0.jar:/home/anu/.m2/repository/com/google/errorprone/error_prone_annotations/2.1.3/error_prone_annotations-2.1.3.jar:/home/anu/.m2/repository/com/google/j2objc/j2objc-annotations/1.1/j2objc-annotations-1.1.jar:/home/anu/.m2/repository/org/codehaus/mojo/animal-sniffer-annotations/1.14/animal-sniffer-annotations-1.14.jar:/home/anu/.m2/repository/com/squareup/okhttp3/okhttp/3.11.0/okhttp-3.11.0.jar:/home/anu/.m2/repository/com/squareup/okio/okio/1.14.0/okio-1.14.0.jar:/home/anu/.m2/repository/io/github/bonigarcia/webdrivermanager/4.3.1/webdrivermanager-4.3.1.jar:/home/anu/.m2/repository/org/slf4j/slf4j-api/1.7.30/slf4j-api-1.7.30.jar:/home/anu/.m2/repository/commons-io/commons-io/2.8.0/commons-io-2.8.0.jar:/home/anu/.m2/repository/com/google/code/gson/gson/2.8.6/gson-2.8.6.jar:/home/anu/.m2/repository/org/apache/commons/commons-lang3/3.11/commons-lang3-3.11.jar:/home/anu/.m2/repository/org/apache/httpcomponents/client5/httpclient5/5.0.3/httpclient5-5.0.3.jar:/home/anu/.m2/repository/org/apache/httpcomponents/core5/httpcore5/5.0.2/httpcore5-5.0.2.jar:/home/anu/.m2/repository/org/apache/httpcomponents/core5/httpcore5-h2/5.0.2/httpcore5-h2-5.0.2.jar:/home/anu/.m2/repository/commons-codec/commons-codec/1.13/commons-codec-1.13.jar:/home/anu/.m2/repository/org/rauschig/jarchivelib/1.1.0/jarchivelib-1.1.0.jar:/home/anu/.m2/repository/org/apache/commons/commons-compress/1.20/commons-compress-1.20.jar:/home/anu/.m2/repository/org/jsoup/jsoup/1.13.1/jsoup-1.13.1.jar:/home/anu/.m2/repository/org/apache/poi/poi-ooxml/3.9/poi-ooxml-3.9.jar:/home/anu/.m2/repository/org/apache/poi/poi/3.9/poi-3.9.jar:/home/anu/.m2/repository/org/apache/poi/poi-ooxml-schemas/3.9/poi-ooxml-schemas-3.9.jar:/home/anu/.m2/repository/org/apache/xmlbeans/xmlbeans/2.3.0/xmlbeans-2.3.0.jar:/home/anu/.m2/repository/stax/stax-api/1.0.1/stax-api-1.0.1.jar:/home/anu/.m2/repository/dom4j/dom4j/1.6.1/dom4j-1.6.1.jar:/home/anu/.m2/repository/xml-apis/xml-apis/1.0.b2/xml-apis-1.0.b2.jar:/home/anu/.m2/repository/org/apache/httpcomponents/fluent-hc/4.5.12/fluent-hc-4.5.12.jar:/home/anu/.m2/repository/org/apache/httpcomponents/httpclient/4.5.12/httpclient-4.5.12.jar:/home/anu/.m2/repository/org/apache/httpcomponents/httpcore/4.4.13/httpcore-4.4.13.jar:/home/anu/.m2/repository/commons-logging/commons-logging/1.2/commons-logging-1.2.jar:/home/anu/.m2/repository/com/aventstack/extentreports/4.1.5/extentreports-4.1.5.jar:/home/anu/.m2/repository/org/freemarker/freemarker/2.3.29/freemarker-2.3.29.jar:/home/anu/.m2/repository/org/apache/httpcomponents/httpmime/4.5.2/httpmime-4.5.2.jar:/home/anu/.m2/repository/org/mongodb/mongodb-driver/3.12.0/mongodb-driver-3.12.0.jar:/home/anu/.m2/repository/org/mongodb/mongodb-driver-core/3.12.0/mongodb-driver-core-3.12.0.jar:/home/anu/.m2/repository/org/mongodb/bson/3.12.0/bson-3.12.0.jar:/home/anu/.m2/repository/com/relevantcodes/extentreports/2.41.0/extentreports-2.41.0.jar:/home/anu/.m2/repository/org/xerial/sqlite-jdbc/3.8.11.1/sqlite-jdbc-3.8.11.1.jar:"/>
    <property name="java.vm.vendor" value="Private Build"/>
    <property name="sun.arch.data.model" value="64"/>
    <property name="java.vendor.url" value="http://java.oracle.com/"/>
    <property name="user.timezone" value="Asia/Kolkata"/>
    <property name="java.vm.specification.version" value="1.8"/>
    <property name="os.name" value="Linux"/>
    <property name="user.country" value="IN"/>
    <property name="sun.java.launcher" value="SUN_STANDARD"/>
    <property name="sun.boot.library.path" value="/usr/lib/jvm/java-8-openjdk-amd64/jre/lib/amd64"/>
    <property name="sun.java.command" value="/home/anu/Workspace_IntelliJ/TestNG/target/surefire/surefirebooter1854803113174848245.jar /home/anu/Workspace_IntelliJ/TestNG/target/surefire 2021-02-05T22-41-55_934-jvmRun1 surefire2288289807431073768tmp surefire_05361912661591411894tmp"/>
    <property name="surefire.test.class.path" value="/home/anu/Workspace_IntelliJ/TestNG/target/test-classes:/home/anu/Workspace_IntelliJ/TestNG/target/classes:/home/anu/.m2/repository/org/testng/testng/7.1.0/testng-7.1.0.jar:/home/anu/.m2/repository/com/beust/jcommander/1.72/jcommander-1.72.jar:/home/anu/.m2/repository/com/google/inject/guice/4.1.0/guice-4.1.0-no_aop.jar:/home/anu/.m2/repository/javax/inject/javax.inject/1/javax.inject-1.jar:/home/anu/.m2/repository/aopalliance/aopalliance/1.0/aopalliance-1.0.jar:/home/anu/.m2/repository/org/yaml/snakeyaml/1.21/snakeyaml-1.21.jar:/home/anu/.m2/repository/org/seleniumhq/selenium/selenium-java/3.141.59/selenium-java-3.141.59.jar:/home/anu/.m2/repository/org/seleniumhq/selenium/selenium-api/3.141.59/selenium-api-3.141.59.jar:/home/anu/.m2/repository/org/seleniumhq/selenium/selenium-chrome-driver/3.141.59/selenium-chrome-driver-3.141.59.jar:/home/anu/.m2/repository/org/seleniumhq/selenium/selenium-edge-driver/3.141.59/selenium-edge-driver-3.141.59.jar:/home/anu/.m2/repository/org/seleniumhq/selenium/selenium-firefox-driver/3.141.59/selenium-firefox-driver-3.141.59.jar:/home/anu/.m2/repository/org/seleniumhq/selenium/selenium-ie-driver/3.141.59/selenium-ie-driver-3.141.59.jar:/home/anu/.m2/repository/org/seleniumhq/selenium/selenium-opera-driver/3.141.59/selenium-opera-driver-3.141.59.jar:/home/anu/.m2/repository/org/seleniumhq/selenium/selenium-remote-driver/3.141.59/selenium-remote-driver-3.141.59.jar:/home/anu/.m2/repository/org/seleniumhq/selenium/selenium-safari-driver/3.141.59/selenium-safari-driver-3.141.59.jar:/home/anu/.m2/repository/org/seleniumhq/selenium/selenium-support/3.141.59/selenium-support-3.141.59.jar:/home/anu/.m2/repository/net/bytebuddy/byte-buddy/1.8.15/byte-buddy-1.8.15.jar:/home/anu/.m2/repository/org/apache/commons/commons-exec/1.3/commons-exec-1.3.jar:/home/anu/.m2/repository/com/google/guava/guava/25.0-jre/guava-25.0-jre.jar:/home/anu/.m2/repository/com/google/code/findbugs/jsr305/1.3.9/jsr305-1.3.9.jar:/home/anu/.m2/repository/org/checkerframework/checker-compat-qual/2.0.0/checker-compat-qual-2.0.0.jar:/home/anu/.m2/repository/com/google/errorprone/error_prone_annotations/2.1.3/error_prone_annotations-2.1.3.jar:/home/anu/.m2/repository/com/google/j2objc/j2objc-annotations/1.1/j2objc-annotations-1.1.jar:/home/anu/.m2/repository/org/codehaus/mojo/animal-sniffer-annotations/1.14/animal-sniffer-annotations-1.14.jar:/home/anu/.m2/repository/com/squareup/okhttp3/okhttp/3.11.0/okhttp-3.11.0.jar:/home/anu/.m2/repository/com/squareup/okio/okio/1.14.0/okio-1.14.0.jar:/home/anu/.m2/repository/io/github/bonigarcia/webdrivermanager/4.3.1/webdrivermanager-4.3.1.jar:/home/anu/.m2/repository/org/slf4j/slf4j-api/1.7.30/slf4j-api-1.7.30.jar:/home/anu/.m2/repository/commons-io/commons-io/2.8.0/commons-io-2.8.0.jar:/home/anu/.m2/repository/com/google/code/gson/gson/2.8.6/gson-2.8.6.jar:/home/anu/.m2/repository/org/apache/commons/commons-lang3/3.11/commons-lang3-3.11.jar:/home/anu/.m2/repository/org/apache/httpcomponents/client5/httpclient5/5.0.3/httpclient5-5.0.3.jar:/home/anu/.m2/repository/org/apache/httpcomponents/core5/httpcore5/5.0.2/httpcore5-5.0.2.jar:/home/anu/.m2/repository/org/apache/httpcomponents/core5/httpcore5-h2/5.0.2/httpcore5-h2-5.0.2.jar:/home/anu/.m2/repository/commons-codec/commons-codec/1.13/commons-codec-1.13.jar:/home/anu/.m2/repository/org/rauschig/jarchivelib/1.1.0/jarchivelib-1.1.0.jar:/home/anu/.m2/repository/org/apache/commons/commons-compress/1.20/commons-compress-1.20.jar:/home/anu/.m2/repository/org/jsoup/jsoup/1.13.1/jsoup-1.13.1.jar:/home/anu/.m2/repository/org/apache/poi/poi-ooxml/3.9/poi-ooxml-3.9.jar:/home/anu/.m2/repository/org/apache/poi/poi/3.9/poi-3.9.jar:/home/anu/.m2/repository/org/apache/poi/poi-ooxml-schemas/3.9/poi-ooxml-schemas-3.9.jar:/home/anu/.m2/repository/org/apache/xmlbeans/xmlbeans/2.3.0/xmlbeans-2.3.0.jar:/home/anu/.m2/repository/stax/stax-api/1.0.1/stax-api-1.0.1.jar:/home/anu/.m2/repository/dom4j/dom4j/1.6.1/dom4j-1.6.1.jar:/home/anu/.m2/repository/xml-apis/xml-apis/1.0.b2/xml-apis-1.0.b2.jar:/home/anu/.m2/repository/org/apache/httpcomponents/fluent-hc/4.5.12/fluent-hc-4.5.12.jar:/home/anu/.m2/repository/org/apache/httpcomponents/httpclient/4.5.12/httpclient-4.5.12.jar:/home/anu/.m2/repository/org/apache/httpcomponents/httpcore/4.4.13/httpcore-4.4.13.jar:/home/anu/.m2/repository/commons-logging/commons-logging/1.2/commons-logging-1.2.jar:/home/anu/.m2/repository/com/aventstack/extentreports/4.1.5/extentreports-4.1.5.jar:/home/anu/.m2/repository/org/freemarker/freemarker/2.3.29/freemarker-2.3.29.jar:/home/anu/.m2/repository/org/apache/httpcomponents/httpmime/4.5.2/httpmime-4.5.2.jar:/home/anu/.m2/repository/org/mongodb/mongodb-driver/3.12.0/mongodb-driver-3.12.0.jar:/home/anu/.m2/repository/org/mongodb/mongodb-driver-core/3.12.0/mongodb-driver-core-3.12.0.jar:/home/anu/.m2/repository/org/mongodb/bson/3.12.0/bson-3.12.0.jar:/home/anu/.m2/repository/com/relevantcodes/extentreports/2.41.0/extentreports-2.41.0.jar:/home/anu/.m2/repository/org/xerial/sqlite-jdbc/3.8.11.1/sqlite-jdbc-3.8.11.1.jar:"/>
    <property name="sun.cpu.endian" value="little"/>
    <property name="user.home" value="/home/anu"/>
    <property name="user.language" value="en"/>
    <property name="java.specification.vendor" value="Oracle Corporation"/>
    <property name="java.home" value="/usr/lib/jvm/java-8-openjdk-amd64/jre"/>
    <property name="basedir" value="/home/anu/Workspace_IntelliJ/TestNG"/>
    <property name="file.separator" value="/"/>
    <property name="line.separator" value="&#10;"/>
    <property name="java.vm.specification.vendor" value="Oracle Corporation"/>
    <property name="java.specification.name" value="Java Platform API Specification"/>
    <property name="java.awt.graphicsenv" value="sun.awt.X11GraphicsEnvironment"/>
    <property name="surefire.real.class.path" value="/home/anu/Workspace_IntelliJ/TestNG/target/surefire/surefirebooter1854803113174848245.jar"/>
    <property name="sun.boot.class.path" value="/usr/lib/jvm/java-8-openjdk-amd64/jre/lib/resources.jar:/usr/lib/jvm/java-8-openjdk-amd64/jre/lib/rt.jar:/usr/lib/jvm/java-8-openjdk-amd64/jre/lib/sunrsasign.jar:/usr/lib/jvm/java-8-openjdk-amd64/jre/lib/jsse.jar:/usr/lib/jvm/java-8-openjdk-amd64/jre/lib/jce.jar:/usr/lib/jvm/java-8-openjdk-amd64/jre/lib/charsets.jar:/usr/lib/jvm/java-8-openjdk-amd64/jre/lib/jfr.jar:/usr/lib/jvm/java-8-openjdk-amd64/jre/classes"/>
    <property name="sun.management.compiler" value="HotSpot 64-Bit Tiered Compilers"/>
    <property name="java.runtime.version" value="1.8.0_275-8u275-b01-0ubuntu1~16.04-b01"/>
    <property name="user.name" value="anu"/>
    <property name="path.separator" value=":"/>
    <property name="os.version" value="4.4.0-201-generic"/>
    <property name="java.endorsed.dirs" value="/usr/lib/jvm/java-8-openjdk-amd64/jre/lib/endorsed"/>
    <property name="java.runtime.name" value="OpenJDK Runtime Environment"/>
    <property name="file.encoding" value="UTF-8"/>
    <property name="java.vm.name" value="OpenJDK 64-Bit Server VM"/>
    <property name="localRepository" value="/home/anu/.m2/repository"/>
    <property name="java.vendor.url.bug" value="http://bugreport.sun.com/bugreport/"/>
    <property name="java.io.tmpdir" value="/tmp"/>
    <property name="java.version" value="1.8.0_275"/>
    <property name="user.dir" value="/home/anu/Workspace_IntelliJ/TestNG"/>
    <property name="os.arch" value="amd64"/>
    <property name="java.vm.specification.name" value="Java Virtual Machine Specification"/>
    <property name="java.awt.printerjob" value="sun.print.PSPrinterJob"/>
    <property name="sun.os.patch.level" value="unknown"/>
    <property name="java.library.path" value="/usr/java/packages/lib/amd64:/usr/lib/x86_64-linux-gnu/jni:/lib/x86_64-linux-gnu:/usr/lib/x86_64-linux-gnu:/usr/lib/jni:/lib:/usr/lib"/>
    <property name="java.vm.info" value="mixed mode"/>
    <property name="java.vendor" value="Private Build"/>
    <property name="java.vm.version" value="25.275-b01"/>
    <property name="java.ext.dirs" value="/usr/lib/jvm/java-8-openjdk-amd64/jre/lib/ext:/usr/java/packages/lib/ext"/>
    <property name="sun.io.unicode.encoding" value="UnicodeLittle"/>
    <property name="java.class.version" value="52.0"/>
  </properties>
  <testcase name="spicejet" classname="MouseActions.ActionsClass" time="28.383">
    <system-err><![CDATA[1612545118354	geckodriver	INFO	Listening on 127.0.0.1:11007
1612545118704	mozrunner::runner	INFO	Running command: "/usr/lib/firefox/firefox" "--marionette" "-foreground" "-no-remote" "-profile" "/tmp/rust_mozprofilezRcb61"
console.warn: SearchSettings: "get: No settings file exists, new profile?" (new Error("", "(unknown module)"))
1612545128267	Marionette	INFO	Listening on port 46094
1612545128388	Marionette	WARN	TLS certificate errors will be ignored for this session
1612545128415	Marionette	ERROR	[18] No reply from Marionette:Register
Feb 05, 2021 10:42:08 PM org.openqa.selenium.remote.ProtocolHandshake createSession
INFO: Detected dialect: W3C
console.warn: SearchSettings: "get: No settings file exists, new profile?" (new Error("", "(unknown module)"))
]]></system-err>
  </testcase>
</testsuite>