<?xml version="1.0" encoding="UTF-8"?>
<!-- Generated by org.testng.reporters.JUnitReportReporter -->
<testsuite skipped="0" hostname="anu-Latitude-3480" name="HeadLessBrowserTesting.HTMLUnitDRriverConcept" tests="1" failures="0" timestamp="2021-02-04T15:22:13 IST" time="12.144" errors="0">
  <testcase name="freecrm" time="12.144" classname="HeadLessBrowserTesting.HTMLUnitDRriverConcept"/>
  <system-out/>
</testsuite> <!-- HeadLessBrowserTesting.HTMLUnitDRriverConcept -->
