<?xml version="1.0" encoding="UTF-8"?>
<!-- Generated by org.testng.reporters.JUnitReportReporter -->
<testsuite skipped="0" hostname="anu-Latitude-3480" name="JavaScriptExecutor.JavaScriptcode" tests="1" failures="0" timestamp="2021-02-05T09:19:52 IST" time="12.836" errors="0">
  <testcase name="freecrm" time="12.836" classname="JavaScriptExecutor.JavaScriptcode"/>
  <system-out/>
</testsuite> <!-- JavaScriptExecutor.JavaScriptcode -->
