<?xml version="1.0" encoding="UTF-8"?>
<!-- Generated by org.testng.reporters.JUnitReportReporter -->
<testsuite skipped="0" hostname="anu-Latitude-3480" name="JavaScriptExecutor.JavaScript_getTitle" tests="1" failures="0" timestamp="2021-02-05T12:17:10 IST" time="54.709" errors="0">
  <testcase name="freecrm" time="54.709" classname="JavaScriptExecutor.JavaScript_getTitle"/>
  <system-out/>
</testsuite> <!-- JavaScriptExecutor.JavaScript_getTitle -->
