<?xml version="1.0" encoding="UTF-8"?>
<!-- Generated by org.testng.reporters.JUnitReportReporter -->
<testsuite skipped="0" hostname="anu-Latitude-3480" name="TestNGFeatures.InvocationCount" tests="10" failures="0" timestamp="2021-02-05T08:54:31 IST" time="0.016" errors="0">
  <testcase name="sum" time="0.004" classname="TestNGFeatures.InvocationCount"/>
  <system-out/>
  <testcase name="sum" time="0.001" classname="TestNGFeatures.InvocationCount"/>
  <system-out/>
  <testcase name="sum" time="0.001" classname="TestNGFeatures.InvocationCount"/>
  <system-out/>
  <testcase name="sum" time="0.001" classname="TestNGFeatures.InvocationCount"/>
  <system-out/>
  <testcase name="sum" time="0.003" classname="TestNGFeatures.InvocationCount"/>
  <system-out/>
  <testcase name="sum" time="0.001" classname="TestNGFeatures.InvocationCount"/>
  <system-out/>
  <testcase name="sum" time="0.001" classname="TestNGFeatures.InvocationCount"/>
  <system-out/>
  <testcase name="sum" time="0.001" classname="TestNGFeatures.InvocationCount"/>
  <system-out/>
  <testcase name="sum" time="0.001" classname="TestNGFeatures.InvocationCount"/>
  <system-out/>
  <testcase name="sum" time="0.002" classname="TestNGFeatures.InvocationCount"/>
  <system-out/>
</testsuite> <!-- TestNGFeatures.InvocationCount -->
