<?xml version="1.0" encoding="UTF-8"?>
<!-- Generated by org.testng.reporters.JUnitReportReporter -->
<testsuite skipped="0" hostname="anu-Latitude-3480" name="JavaScriptExecutor.Javascript_ClickElement" tests="1" failures="0" timestamp="2021-02-05T09:35:07 IST" time="17.406" errors="0">
  <testcase name="crm" time="17.406" classname="JavaScriptExecutor.Javascript_ClickElement"/>
  <system-out/>
</testsuite> <!-- JavaScriptExecutor.Javascript_ClickElement -->
