<?xml version="1.0" encoding="UTF-8"?>
<!-- Generated by org.testng.reporters.JUnitReportReporter -->
<testsuite skipped="0" hostname="anu-Latitude-3480" name="JavaScriptExecutor.Javascript_generateAlert" tests="1" failures="0" timestamp="2021-02-05T09:30:54 IST" time="14.081" errors="0">
  <testcase name="crm" time="14.081" classname="JavaScriptExecutor.Javascript_generateAlert"/>
  <system-out/>
</testsuite> <!-- JavaScriptExecutor.Javascript_generateAlert -->
