<?xml version="1.0" encoding="UTF-8"?>
<!-- Generated by org.testng.reporters.JUnitReportReporter -->
<testsuite skipped="0" hostname="anu-Latitude-3480" name="JavaScriptExecutor.JavaScript_Datapicker" tests="1" failures="0" timestamp="2021-02-05T15:56:02 IST" time="24.099" errors="0">
  <testcase name="sakra" time="24.099" classname="JavaScriptExecutor.JavaScript_Datapicker"/>
  <system-out/>
</testsuite> <!-- JavaScriptExecutor.JavaScript_Datapicker -->
