<?xml version="1.0" encoding="UTF-8"?>
<!-- Generated by org.testng.reporters.JUnitReportReporter -->
<testsuite skipped="0" hostname="anu-Latitude-3480" name="Annotations.TestCase1" tests="2" failures="0" timestamp="2021-02-05T08:54:31 IST" time="0.005" errors="0">
  <testcase name="testCase1" time="0.002" classname="Annotations.TestCase1"/>
  <system-out/>
  <testcase name="testCase2" time="0.003" classname="Annotations.TestCase1"/>
  <system-out/>
</testsuite> <!-- Annotations.TestCase1 -->
