<?xml version="1.0" encoding="UTF-8"?>
<!-- Generated by org.testng.reporters.JUnitReportReporter -->
<testsuite skipped="0" hostname="anu-Latitude-3480" name="TestNGFeatures.FeaturesOfTestNG" tests="4" failures="0" timestamp="2021-02-05T08:54:31 IST" time="0.005" errors="0">
  <testcase name="testcase4" time="0.001" classname="TestNGFeatures.FeaturesOfTestNG"/>
  <system-out/>
  <testcase name="testcase2" time="0.001" classname="TestNGFeatures.FeaturesOfTestNG"/>
  <system-out/>
  <testcase name="testcase1" time="0.002" classname="TestNGFeatures.FeaturesOfTestNG"/>
  <system-out/>
  <testcase name="testcase3" time="0.001" classname="TestNGFeatures.FeaturesOfTestNG"/>
  <system-out/>
</testsuite> <!-- TestNGFeatures.FeaturesOfTestNG -->
