<?xml version="1.0" encoding="UTF-8"?>
<!-- Generated by org.testng.reporters.JUnitReportReporter -->
<testsuite skipped="0" hostname="anu-Latitude-3480" name="Popups.Popup" tests="1" failures="0" timestamp="2021-02-04T14:14:08 IST" time="17.755" errors="0">
  <testcase name="qtpSelenium" time="17.755" classname="Popups.Popup"/>
  <system-out/>
</testsuite> <!-- Popups.Popup -->
