<?xml version="1.0" encoding="UTF-8"?>
<!-- Generated by org.testng.reporters.JUnitReportReporter -->
<testsuite skipped="0" hostname="anu-Latitude-3480" name="FindElementsConcept.FindElemnt" tests="1" failures="0" timestamp="2021-02-05T16:10:09 IST" time="11.414" errors="0">
  <testcase name="google" time="11.414" classname="FindElementsConcept.FindElemnt"/>
  <system-out/>
</testsuite> <!-- FindElementsConcept.FindElemnt -->
