<?xml version="1.0" encoding="UTF-8"?>
<!-- Generated by org.testng.reporters.JUnitReportReporter -->
<testsuite skipped="2" hostname="anu-Latitude-3480" name="DataDrivenApproach.AmityUniversity" tests="2" failures="0" timestamp="2021-02-05T08:54:31 IST" time="0.000" errors="0">
  <testcase name="register" time="0.000" classname="DataDrivenApproach.AmityUniversity">
    <skipped/>
  </testcase> <!-- register -->
  <system-out/>
  <testcase name="register2" classname="DataDrivenApproach.AmityUniversity">
    <skipped/>
  </testcase> <!-- register2 -->
  <system-out/>
</testsuite> <!-- DataDrivenApproach.AmityUniversity -->
