<?xml version="1.0" encoding="UTF-8"?>
<!-- Generated by org.testng.reporters.JUnitReportReporter -->
<testsuite skipped="1" hostname="anu-Latitude-3480" name="TestNGFeatures.ExceptionTimeOut" tests="2" failures="0" timestamp="2021-02-05T08:54:31 IST" time="0.017" errors="0">
  <testcase name="expectedExceptionTest" time="0.017" classname="TestNGFeatures.ExceptionTimeOut"/>
  <system-out/>
  <testcase name="infiniteLoopTest" classname="TestNGFeatures.ExceptionTimeOut">
    <skipped/>
  </testcase> <!-- infiniteLoopTest -->
  <system-out/>
</testsuite> <!-- TestNGFeatures.ExceptionTimeOut -->
