<?xml version="1.0" encoding="UTF-8"?>
<!-- Generated by org.testng.reporters.JUnitReportReporter -->
<testsuite skipped="0" hostname="anu-Latitude-3480" name="JavaScriptExecutor.JavaScript_refresh" tests="1" failures="0" timestamp="2021-02-05T09:39:50 IST" time="17.232" errors="0">
  <testcase name="freecrm" time="17.232" classname="JavaScriptExecutor.JavaScript_refresh"/>
  <system-out/>
</testsuite> <!-- JavaScriptExecutor.JavaScript_refresh -->
