<?xml version="1.0" encoding="UTF-8"?>
<!-- Generated by org.testng.reporters.JUnitReportReporter -->
<testsuite skipped="0" hostname="anu-Latitude-3480" name="JavaScriptExecutor.JavaScript_ScrollToElement" tests="1" failures="0" timestamp="2021-02-05T12:35:31 IST" time="34.855" errors="0">
  <testcase name="crm" time="34.855" classname="JavaScriptExecutor.JavaScript_ScrollToElement"/>
  <system-out/>
</testsuite> <!-- JavaScriptExecutor.JavaScript_ScrollToElement -->
