<?xml version="1.0" encoding="UTF-8"?>
<!-- Generated by org.testng.reporters.JUnitReportReporter -->
<testsuite skipped="0" hostname="anu-Latitude-3480" name="LinkTesting.CheckingEachLink" tests="1" failures="0" timestamp="2021-02-05T16:22:53 IST" time="79.573" errors="0">
  <testcase name="google" time="79.573" classname="LinkTesting.CheckingEachLink"/>
  <system-out/>
</testsuite> <!-- LinkTesting.CheckingEachLink -->
