<?xml version="1.0" encoding="UTF-8"?>
<!-- Generated by org.testng.reporters.JUnitReportReporter -->
<testsuite skipped="1" hostname="anu-Latitude-3480" name="DataDrivenApproach.HalfEbay2" tests="1" failures="0" timestamp="2021-02-05T08:54:31 IST" time="0.000" errors="0">
  <testcase name="register" time="0.000" classname="DataDrivenApproach.HalfEbay2">
    <skipped/>
  </testcase> <!-- register -->
  <system-out/>
</testsuite> <!-- DataDrivenApproach.HalfEbay2 -->
