<?xml version="1.0" encoding="UTF-8"?>
<!-- Generated by org.testng.reporters.JUnitReportReporter -->
<testsuite skipped="0" hostname="anu-Latitude-3480" name="JavaScriptExecutor.JavaScript_Scroll" tests="1" failures="0" timestamp="2021-02-05T12:24:40 IST" time="20.763" errors="0">
  <testcase name="crm" time="20.763" classname="JavaScriptExecutor.JavaScript_Scroll"/>
  <system-out/>
</testsuite> <!-- JavaScriptExecutor.JavaScript_Scroll -->
