<?xml version="1.0" encoding="UTF-8"?>
<!-- Generated by org.testng.reporters.JUnitReportReporter -->
<testsuite skipped="0" hostname="anu-Latitude-3480" name="CustomLocators.CustomXpath" tests="1" failures="0" timestamp="2021-02-05T15:30:56 IST" time="15.380" errors="0">
  <testcase name="Google" time="15.380" classname="CustomLocators.CustomXpath"/>
  <system-out/>
</testsuite> <!-- CustomLocators.CustomXpath -->
