<?xml version="1.0" encoding="UTF-8"?>
<!-- Generated by org.testng.reporters.JUnitReportReporter -->
<testsuite skipped="1" hostname="anu-Latitude-3480" name="DataDrivenApproach.DataProviders" tests="1" failures="0" timestamp="2021-02-05T08:54:31 IST" time="0.000" errors="0">
  <testcase name="login" time="0.000" classname="DataDrivenApproach.DataProviders">
    <skipped/>
  </testcase> <!-- login -->
  <system-out/>
</testsuite> <!-- DataDrivenApproach.DataProviders -->
