<?xml version="1.0" encoding="UTF-8"?>
<!-- Generated by org.testng.reporters.JUnitReportReporter -->
<testsuite skipped="0" hostname="anu-Latitude-3480" name="CustomLocators.CustomCSS" tests="1" failures="0" timestamp="2021-02-05T22:20:00 IST" time="48.370" errors="0">
  <testcase name="Google" time="48.370" classname="CustomLocators.CustomCSS"/>
  <system-out/>
</testsuite> <!-- CustomLocators.CustomCSS -->
