<?xml version="1.0" encoding="UTF-8"?>
<!-- Generated by org.testng.reporters.JUnitReportReporter -->
<testsuite skipped="0" hostname="anu-Latitude-3480" name="TestNGFeatures.InvocationCount" tests="10" failures="0" timestamp="2021-02-03T18:36:28 IST" time="0.008" errors="0">
  <testcase name="sum" time="0.005" classname="TestNGFeatures.InvocationCount"/>
  <system-out/>
  <testcase name="sum" time="0.000" classname="TestNGFeatures.InvocationCount"/>
  <system-out/>
  <testcase name="sum" time="0.001" classname="TestNGFeatures.InvocationCount"/>
  <system-out/>
  <testcase name="sum" time="0.000" classname="TestNGFeatures.InvocationCount"/>
  <system-out/>
  <testcase name="sum" time="0.001" classname="TestNGFeatures.InvocationCount"/>
  <system-out/>
  <testcase name="sum" time="0.000" classname="TestNGFeatures.InvocationCount"/>
  <system-out/>
  <testcase name="sum" time="0.000" classname="TestNGFeatures.InvocationCount"/>
  <system-out/>
  <testcase name="sum" time="0.000" classname="TestNGFeatures.InvocationCount"/>
  <system-out/>
  <testcase name="sum" time="0.001" classname="TestNGFeatures.InvocationCount"/>
  <system-out/>
  <testcase name="sum" time="0.000" classname="TestNGFeatures.InvocationCount"/>
  <system-out/>
</testsuite> <!-- TestNGFeatures.InvocationCount -->
