<?xml version="1.0" encoding="UTF-8"?>
<!-- Generated by org.testng.reporters.JUnitReportReporter -->
<testsuite skipped="0" hostname="anu-Latitude-3480" name="MouseActions.ActionsClass" tests="1" failures="0" timestamp="2021-02-05T22:42:38 IST" time="41.209" errors="0">
  <testcase name="spicejet" time="41.209" classname="MouseActions.ActionsClass"/>
  <system-out/>
</testsuite> <!-- MouseActions.ActionsClass -->
