<?xml version="1.0" encoding="UTF-8"?>
<!-- Generated by org.testng.reporters.JUnitReportReporter -->
<testsuite skipped="1" hostname="anu-Latitude-3480" name="Frames.iFrame" tests="2" failures="0" timestamp="2021-02-06T07:56:54 IST" time="33.426" errors="0">
  <testcase name="paytm" time="33.426" classname="Frames.iFrame"/>
  <system-out/>
  <testcase name="toolsqa" classname="Frames.iFrame">
    <skipped/>
  </testcase> <!-- toolsqa -->
  <system-out/>
</testsuite> <!-- Frames.iFrame -->
